<?xml version="1.0" encoding="UTF-8"?>
<!-- Generated by org.testng.reporters.JUnitReportReporter -->
<testsuite hostname="EN310366" failures="0" tests="1" name="tests.register.SuccessfulRegister" time="72.364" errors="0" timestamp="2023-02-10T10:38:26 CET" skipped="0">
  <testcase classname="tests.register.SuccessfulRegister" name="testRegisterNewUser" time="72.364"/>
  <system-out/>
</testsuite> <!-- tests.register.SuccessfulRegister -->
