<?xml version="1.0" encoding="UTF-8"?>
<!-- Generated by org.testng.reporters.JUnitReportReporter -->
<testsuite hostname="EN310366" failures="0" tests="1" name="tests.users.AddNewUserTest" time="90.122" errors="0" timestamp="2023-02-10T10:38:26 CET" skipped="0">
  <testcase classname="tests.users.AddNewUserTest" name="testAddingNewUser" time="90.122"/>
  <system-out/>
</testsuite> <!-- tests.users.AddNewUserTest -->
