<?xml version="1.0" encoding="UTF-8"?>
<!-- Generated by org.testng.reporters.JUnitReportReporter -->
<testsuite hostname="EN310366" failures="0" tests="1" name="tests.users.VerifyUserDetails" time="64.221" errors="0" timestamp="2023-02-10T10:38:26 CET" skipped="0">
  <testcase classname="tests.users.VerifyUserDetails" name="testVerifyUserDetails" time="64.221"/>
  <system-out/>
</testsuite> <!-- tests.users.VerifyUserDetails -->
