<?xml version="1.0" encoding="UTF-8"?>
<!-- Generated by org.testng.reporters.JUnitReportReporter -->
<testsuite hostname="EN310366" failures="0" tests="1" name="tests.practice.VerifyDragAndDrop" time="210.955" errors="0" timestamp="2023-02-10T10:38:26 CET" skipped="0">
  <testcase classname="tests.practice.VerifyDragAndDrop" name="testDragAndDrop" time="210.955"/>
  <system-out/>
</testsuite> <!-- tests.practice.VerifyDragAndDrop -->
