<?xml version="1.0" encoding="UTF-8"?>
<!-- Generated by org.testng.reporters.JUnitReportReporter -->
<testsuite hostname="EN310366" failures="0" tests="2" name="tests.login.LoginTest" time="29.163" errors="0" timestamp="2023-02-15T15:59:24 CET" skipped="0">
  <testcase classname="tests.login.LoginTest" name="testUnsuccessfulLoginWrongPassword" time="15.363"/>
  <system-out/>
  <testcase classname="tests.login.LoginTest" name="testSuccessfulLoginLogout" time="13.800"/>
  <system-out/>
</testsuite> <!-- tests.login.LoginTest -->
