<?xml version="1.0" encoding="UTF-8"?>
<!-- Generated by org.testng.reporters.JUnitReportReporter -->
<testsuite hostname="EN310366" failures="0" tests="1" name="tests.login.SuccessfulLoginLogout" time="15.776" errors="0" timestamp="2022-11-14T23:09:40 CET" skipped="0">
  <testcase classname="tests.login.SuccessfulLoginLogout" name="testSuccessfulLoginLogout" time="15.776"/>
  <system-out/>
</testsuite> <!-- tests.login.SuccessfulLoginLogout -->
