<?xml version="1.0" encoding="UTF-8"?>
<!-- Generated by org.testng.reporters.JUnitReportReporter -->
<testsuite hostname="EN310366" failures="0" tests="2" name="tests.login.LoginTest" time="69.557" errors="0" timestamp="2022-11-13T12:55:19 CET" skipped="0">
  <testcase classname="tests.login.LoginTest" name="testSuccessfulLoginLogout" time="39.528"/>
  <system-out/>
  <testcase classname="tests.login.LoginTest" name="testUnsuccessfulLoginWrongPassword" time="30.029"/>
  <system-out/>
</testsuite> <!-- tests.login.LoginTest -->
